<?xml version="1.0" encoding="utf-8"?><testsuites><testsuite name="pytest" errors="0" failures="0" skipped="0" tests="4" time="1.895" timestamp="2023-04-28T09:42:50.899650" hostname="FM70R4W0XG"><testcase classname="tests.test_main" name="test_get_token" time="0.129" /><testcase classname="tests.test_main" name="test_create_session" time="0.093" /><testcase classname="tests.test_main" name="test_get_animal" time="0.789" /><testcase classname="tests.test_main" name="test_get_procedures" time="0.306" /></testsuite></testsuites>