<?xml version="1.0" encoding="utf-8"?><testsuites><testsuite name="pytest" errors="0" failures="0" skipped="0" tests="4" time="1.613" timestamp="2023-12-02T08:55:55.163671" hostname="FM70R4W0XG"><testcase classname="tests.test_main" name="test_get_token" time="0.143" /><testcase classname="tests.test_main" name="test_create_session" time="0.106" /><testcase classname="tests.test_main" name="test_get_animal" time="0.590" /><testcase classname="tests.test_main" name="test_get_procedures" time="0.561" /></testsuite></testsuites>